<?xml version="1.0" encoding="UTF-8"?>
<!-- Generated by org.testng.reporters.JUnitXMLReporter -->
<testsuite ignored="0" hostname="DESKTOP-L9JMAV8" failures="0" tests="3" name="Default test" time="16.022" errors="0" timestamp="2023-10-24T12:53:24 EET">
  <testcase classname="MyClass" name="LoginWithPerformanceUser" time="8.387"/>
  <testcase classname="MyClass" name="LoginWithProblemUser" time="3.198"/>
  <testcase classname="MyClass" name="LoginWithStandardUSer" time="3.19"/>
</testsuite> <!-- Default test -->
