<?xml version="1.0" encoding="UTF-8"?>
<testng-results ignored="0" total="3" passed="3" failed="0" skipped="0">
  <reporter-output>
  </reporter-output>
  <suite started-at="2023-10-24T12:53:08 EET" name="Default suite" finished-at="2023-10-24T12:53:24 EET" duration-ms="16022">
    <groups>
    </groups>
    <test started-at="2023-10-24T12:53:08 EET" name="Default test" finished-at="2023-10-24T12:53:24 EET" duration-ms="16022">
      <class name="MyClass">
        <test-method is-config="true" signature="mySetup()[pri:0, instance:MyClass@7bc10d84]" started-at="2023-10-24T12:53:08 EET" name="mySetup" finished-at="2023-10-24T12:53:09 EET" duration-ms="1080" status="PASS">
          <reporter-output>
          </reporter-output>
        </test-method> <!-- mySetup -->
        <test-method signature="LoginWithPerformanceUser()[pri:0, instance:MyClass@7bc10d84]" started-at="2023-10-24T12:53:09 EET" name="LoginWithPerformanceUser" finished-at="2023-10-24T12:53:17 EET" duration-ms="8387" status="PASS">
          <reporter-output>
          </reporter-output>
        </test-method> <!-- LoginWithPerformanceUser -->
        <test-method is-config="true" signature="mySetup()[pri:0, instance:MyClass@7bc10d84]" started-at="2023-10-24T12:53:17 EET" name="mySetup" finished-at="2023-10-24T12:53:18 EET" duration-ms="96" status="PASS">
          <reporter-output>
          </reporter-output>
        </test-method> <!-- mySetup -->
        <test-method signature="LoginWithProblemUser()[pri:0, instance:MyClass@7bc10d84]" started-at="2023-10-24T12:53:18 EET" name="LoginWithProblemUser" finished-at="2023-10-24T12:53:21 EET" duration-ms="3198" status="PASS">
          <reporter-output>
          </reporter-output>
        </test-method> <!-- LoginWithProblemUser -->
        <test-method is-config="true" signature="mySetup()[pri:0, instance:MyClass@7bc10d84]" started-at="2023-10-24T12:53:21 EET" name="mySetup" finished-at="2023-10-24T12:53:21 EET" duration-ms="38" status="PASS">
          <reporter-output>
          </reporter-output>
        </test-method> <!-- mySetup -->
        <test-method signature="LoginWithStandardUSer()[pri:0, instance:MyClass@7bc10d84]" started-at="2023-10-24T12:53:21 EET" name="LoginWithStandardUSer" finished-at="2023-10-24T12:53:24 EET" duration-ms="3190" status="PASS">
          <reporter-output>
          </reporter-output>
        </test-method> <!-- LoginWithStandardUSer -->
        <test-method is-config="true" signature="myPostTesting()[pri:0, instance:MyClass@7bc10d84]" started-at="2023-10-24T12:53:24 EET" name="myPostTesting" finished-at="2023-10-24T12:53:24 EET" duration-ms="0" status="PASS">
          <reporter-output>
          </reporter-output>
        </test-method> <!-- myPostTesting -->
      </class> <!-- MyClass -->
    </test> <!-- Default test -->
  </suite> <!-- Default suite -->
</testng-results>
